<?xml version="1.0" encoding="UTF-8"?>
<!-- Generated by org.testng.reporters.JUnitXMLReporter -->
<testsuite hostname="SBMAC0261.local" ignored="0" name="Test" tests="3" failures="1" timestamp="12 Mar 2019 10:06:54 GMT" time="48.025" errors="0">
  <testcase name="passTest" time="0.032" classname="extentReportEmail.MailReportClass"/>
  <testcase name="failTest" time="0.001" classname="extentReportEmail.MailReportClass">
    <failure type="java.lang.AssertionError">
      <![CDATA[java.lang.AssertionError: 
	at extentReportEmail.MailReportClass.failTest(MailReportClass.java:73)
... Removed 32 stack frames]]>
    </failure>
  </testcase> <!-- failTest -->
  <testcase name="skipTest" time="0.001" classname="extentReportEmail.MailReportClass">
    <skipped/>
  </testcase> <!-- skipTest -->
</testsuite> <!-- Test -->
